<?xml version="1.0" encoding="UTF-8"?>
<testng-results ignored="0" total="2" passed="2" failed="0" skipped="0">
  <reporter-output>
  </reporter-output>
  <suite started-at="2024-11-05T07:19:37 IST" name="Suite" finished-at="2024-11-05T07:20:05 IST" duration-ms="28322">
    <groups>
    </groups>
    <test started-at="2024-11-05T07:19:37 IST" name="Login Test" finished-at="2024-11-05T07:20:05 IST" duration-ms="28322">
      <class name="login.LoginTest">
        <test-method is-config="true" signature="beforeTest()[pri:0, instance:login.LoginTest@333d4a8c]" started-at="2024-11-05T07:19:37 IST" name="beforeTest" finished-at="2024-11-05T07:19:37 IST" duration-ms="21" status="PASS">
          <reporter-output>
          </reporter-output>
        </test-method> <!-- beforeTest -->
        <test-method is-config="true" signature="launchApplication()[pri:0, instance:login.LoginTest@333d4a8c]" started-at="2024-11-05T07:19:38 IST" name="launchApplication" finished-at="2024-11-05T07:19:42 IST" duration-ms="4467" status="PASS">
          <reporter-output>
          </reporter-output>
        </test-method> <!-- launchApplication -->
        <test-method signature="testLoginSubmitProducts(java.lang.String,java.lang.String)[pri:0, instance:login.LoginTest@333d4a8c]" started-at="2024-11-05T07:19:42 IST" name="testLoginSubmitProducts" data-provider="getData" finished-at="2024-11-05T07:19:51 IST" duration-ms="8508" status="PASS">
          <params>
            <param index="0">
              <value>
                <![CDATA[kabilan@gmail.com]]>
              </value>
            </param>
            <param index="1">
              <value>
                <![CDATA[kabilan@7000]]>
              </value>
            </param>
          </params>
          <reporter-output>
          </reporter-output>
        </test-method> <!-- testLoginSubmitProducts -->
        <test-method is-config="true" signature="tearDown()[pri:0, instance:login.LoginTest@333d4a8c]" started-at="2024-11-05T07:19:51 IST" name="tearDown" finished-at="2024-11-05T07:19:52 IST" duration-ms="977" status="PASS">
          <reporter-output>
          </reporter-output>
        </test-method> <!-- tearDown -->
        <test-method is-config="true" signature="launchApplication()[pri:0, instance:login.LoginTest@333d4a8c]" started-at="2024-11-05T07:19:52 IST" name="launchApplication" finished-at="2024-11-05T07:19:56 IST" duration-ms="4595" status="PASS">
          <reporter-output>
          </reporter-output>
        </test-method> <!-- launchApplication -->
        <test-method signature="testLoginSubmitProducts(java.lang.String,java.lang.String)[pri:0, instance:login.LoginTest@333d4a8c]" started-at="2024-11-05T07:19:56 IST" name="testLoginSubmitProducts" data-provider="getData" finished-at="2024-11-05T07:20:04 IST" duration-ms="7783" status="PASS">
          <params>
            <param index="0">
              <value>
                <![CDATA[kabilan@gmail.com]]>
              </value>
            </param>
            <param index="1">
              <value>
                <![CDATA[kabilan@7000]]>
              </value>
            </param>
          </params>
          <reporter-output>
          </reporter-output>
        </test-method> <!-- testLoginSubmitProducts -->
        <test-method is-config="true" signature="tearDown()[pri:0, instance:login.LoginTest@333d4a8c]" started-at="2024-11-05T07:20:04 IST" name="tearDown" finished-at="2024-11-05T07:20:05 IST" duration-ms="786" status="PASS">
          <reporter-output>
          </reporter-output>
        </test-method> <!-- tearDown -->
      </class> <!-- login.LoginTest -->
    </test> <!-- Login Test -->
  </suite> <!-- Suite -->
</testng-results>
